{
  "RSpec": {
    "coverage": {
      "/Users/scotty_pierce/wdi/projects/veteran_nexus/spec/controllers/categories_controller_spec.rb": [
        1,
        null,
        null,
        null,
        null,
        null,
        null,
        null,
        null,
        null,
        null,
        null,
        null,
        null,
        null,
        null,
        null,
        null,
        null,
        null,
        null,
        null,
        null,
        null,
        null,
        1,
        null,
        null,
        null,
        null,
        1,
        0,
        null,
        null,
        1,
        0,
        null,
        null,
        null,
        null,
        null,
        1,
        null,
        1,
        1,
        1,
        1,
        null,
        null,
        null,
        null,
        null,
        null,
        null,
        null,
        null,
        null,
        null,
        null,
        null,
        null,
        null,
        null,
        null,
        null,
        null,
        null,
        null,
        null,
        null,
        null,
        null,
        null,
        null,
        null,
        null,
        null,
        null,
        null,
        null,
        null,
        null,
        null,
        null,
        null,
        null,
        null,
        null,
        null,
        null,
        null,
        null,
        null,
        null,
        null,
        null,
        null,
        null,
        null,
        null,
        null,
        null,
        null,
        null,
        null,
        null,
        null,
        null,
        null,
        null,
        null,
        null,
        null,
        null,
        null,
        null,
        null,
        null,
        null,
        null,
        null,
        null,
        null,
        null,
        null,
        null,
        null,
        null,
        null,
        null,
        null,
        null,
        null,
        null,
        null,
        null,
        null,
        null,
        null,
        null,
        null,
        null,
        null,
        null,
        null,
        null,
        null,
        null
      ],
      "/Users/scotty_pierce/wdi/projects/veteran_nexus/spec/rails_helper.rb": [
        null,
        1,
        1,
        1,
        null,
        1,
        1,
        null,
        1,
        null,
        1,
        null,
        null,
        null,
        null,
        null,
        null,
        null,
        null,
        null,
        null,
        null,
        null,
        null,
        null,
        null,
        null,
        null,
        1,
        null,
        1,
        null,
        1,
        null,
        null,
        null,
        null,
        1,
        null,
        null,
        null,
        null,
        null,
        null,
        null,
        null,
        null,
        null,
        null,
        null,
        null,
        null,
        1,
        null,
        null,
        1,
        null,
        null,
        1,
        null
      ],
      "/Users/scotty_pierce/wdi/projects/veteran_nexus/config/environment.rb": [
        null,
        1,
        null,
        null,
        1
      ],
      "/Users/scotty_pierce/wdi/projects/veteran_nexus/config/application.rb": [
        1,
        null,
        1,
        null,
        null,
        null,
        1,
        null,
        1,
        1,
        null,
        1,
        null,
        null,
        null,
        null,
        1,
        1,
        1,
        1,
        null,
        null,
        null,
        null,
        null,
        null,
        1,
        null,
        null,
        null
      ],
      "/Users/scotty_pierce/wdi/projects/veteran_nexus/config/boot.rb": [
        1,
        null,
        1
      ],
      "/Users/scotty_pierce/wdi/projects/veteran_nexus/config/environments/test.rb": [
        1,
        null,
        null,
        null,
        null,
        null,
        null,
        1,
        null,
        null,
        null,
        null,
        1,
        null,
        null,
        1,
        1,
        null,
        null,
        null,
        null,
        1,
        1,
        null,
        null,
        1,
        null,
        null,
        1,
        1,
        null,
        null,
        null,
        null,
        1,
        null,
        null,
        1,
        null,
        null,
        null,
        null
      ],
      "/Users/scotty_pierce/wdi/projects/veteran_nexus/config/initializers/application_controller_renderer.rb": [
        null,
        null,
        null,
        null,
        null,
        null
      ],
      "/Users/scotty_pierce/wdi/projects/veteran_nexus/config/initializers/assets.rb": [
        null,
        null,
        null,
        1,
        null,
        null,
        null,
        null,
        1,
        null,
        null,
        null,
        null,
        null
      ],
      "/Users/scotty_pierce/wdi/projects/veteran_nexus/config/initializers/backtrace_silencers.rb": [
        null,
        null,
        null,
        null,
        null,
        null,
        null
      ],
      "/Users/scotty_pierce/wdi/projects/veteran_nexus/config/initializers/cookies_serializer.rb": [
        null,
        null,
        null,
        null,
        1
      ],
      "/Users/scotty_pierce/wdi/projects/veteran_nexus/config/initializers/filter_parameter_logging.rb": [
        null,
        null,
        null,
        1
      ],
      "/Users/scotty_pierce/wdi/projects/veteran_nexus/config/initializers/inflections.rb": [
        null,
        null,
        null,
        null,
        null,
        null,
        null,
        null,
        null,
        null,
        null,
        null,
        null,
        null,
        null,
        null
      ],
      "/Users/scotty_pierce/wdi/projects/veteran_nexus/config/initializers/mime_types.rb": [
        null,
        null,
        null,
        null
      ],
      "/Users/scotty_pierce/wdi/projects/veteran_nexus/config/initializers/wrap_parameters.rb": [
        null,
        null,
        null,
        null,
        null,
        null,
        1,
        2,
        null,
        null,
        null,
        null,
        null,
        null
      ],
      "/Users/scotty_pierce/wdi/projects/veteran_nexus/spec/factories/categories.rb": [
        1,
        1,
        1,
        3,
        null,
        null
      ],
      "/Users/scotty_pierce/wdi/projects/veteran_nexus/spec/factories/categorizations.rb": [
        1,
        1,
        1,
        1,
        null,
        null
      ],
      "/Users/scotty_pierce/wdi/projects/veteran_nexus/spec/factories/comments.rb": [
        1,
        1,
        1,
        3,
        3,
        1,
        null,
        null,
        null,
        null,
        null,
        null
      ],
      "/Users/scotty_pierce/wdi/projects/veteran_nexus/spec/factories/organizations.rb": [
        1,
        1,
        1,
        4,
        5,
        5,
        5,
        5,
        5,
        5,
        5,
        5,
        5,
        null,
        null
      ],
      "/Users/scotty_pierce/wdi/projects/veteran_nexus/config/routes.rb": [
        1,
        1,
        null,
        1,
        1,
        1,
        null,
        1,
        1,
        null,
        null,
        null,
        null
      ],
      "/Users/scotty_pierce/wdi/projects/veteran_nexus/app/helpers/application_helper.rb": [
        1,
        null,
        null,
        null
      ],
      "/Users/scotty_pierce/wdi/projects/veteran_nexus/app/helpers/categories_helper.rb": [
        1,
        null
      ],
      "/Users/scotty_pierce/wdi/projects/veteran_nexus/app/helpers/comments_helper.rb": [
        1,
        null
      ],
      "/Users/scotty_pierce/wdi/projects/veteran_nexus/app/helpers/organizations_helper.rb": [
        1,
        null
      ],
      "/Users/scotty_pierce/wdi/projects/veteran_nexus/app/controllers/categories_controller.rb": [
        1,
        1,
        null,
        null,
        null,
        1,
        3,
        3,
        null,
        null,
        1,
        null,
        null,
        null,
        null,
        null,
        1,
        null,
        null,
        null,
        1,
        0,
        null,
        null,
        null,
        1,
        null,
        null,
        null,
        null,
        null,
        null,
        1,
        0,
        null,
        0,
        0,
        0,
        0,
        null,
        0,
        0,
        null,
        null,
        null,
        null,
        null,
        null,
        1,
        0,
        0,
        0,
        0,
        null,
        0,
        0,
        null,
        null,
        null,
        null,
        null,
        null,
        1,
        0,
        0,
        0,
        0,
        null,
        null,
        null,
        1,
        null,
        1,
        0,
        null,
        null,
        null,
        1,
        0,
        null,
        null
      ],
      "/Users/scotty_pierce/wdi/projects/veteran_nexus/app/controllers/application_controller.rb": [
        1,
        1,
        null
      ],
      "/Users/scotty_pierce/wdi/projects/veteran_nexus/spec/controllers/comments_controller_spec.rb": [
        1,
        1,
        null,
        1,
        1,
        1,
        1,
        1,
        null,
        null,
        null
      ],
      "/Users/scotty_pierce/wdi/projects/veteran_nexus/app/controllers/comments_controller.rb": [
        1,
        1,
        null,
        null,
        null,
        1,
        1,
        null,
        null,
        null,
        null,
        1,
        null,
        null,
        null,
        1,
        0,
        null,
        null,
        null,
        1,
        null,
        null,
        null,
        null,
        1,
        0,
        null,
        0,
        0,
        0,
        0,
        null,
        0,
        0,
        null,
        null,
        null,
        null,
        null,
        null,
        1,
        0,
        0,
        0,
        0,
        null,
        0,
        0,
        null,
        null,
        null,
        null,
        null,
        null,
        1,
        0,
        0,
        0,
        0,
        null,
        null,
        null,
        1,
        null,
        1,
        0,
        null,
        null,
        null,
        1,
        0,
        null,
        null
      ],
      "/Users/scotty_pierce/wdi/projects/veteran_nexus/spec/controllers/organizations_controller_spec.rb": [
        1,
        1,
        null,
        1,
        1,
        1,
        1,
        1,
        null,
        null,
        null
      ],
      "/Users/scotty_pierce/wdi/projects/veteran_nexus/app/controllers/organizations_controller.rb": [
        1,
        1,
        null,
        null,
        null,
        1,
        1,
        null,
        null,
        1,
        null,
        null,
        null,
        null,
        null,
        1,
        null,
        null,
        null,
        1,
        0,
        null,
        null,
        null,
        1,
        null,
        null,
        null,
        null,
        1,
        0,
        null,
        0,
        0,
        0,
        0,
        null,
        0,
        0,
        null,
        null,
        null,
        null,
        null,
        null,
        1,
        0,
        0,
        0,
        0,
        null,
        0,
        0,
        null,
        null,
        null,
        null,
        null,
        null,
        1,
        0,
        0,
        0,
        0,
        null,
        null,
        null,
        1,
        null,
        1,
        0,
        null,
        null,
        null,
        1,
        0,
        null,
        null
      ],
      "/Users/scotty_pierce/wdi/projects/veteran_nexus/spec/features/visitor_visits_public_pages_spec.rb": [
        1,
        1,
        null,
        1,
        1,
        1,
        1,
        null,
        null,
        null,
        null,
        null,
        null,
        null,
        null
      ],
      "/Users/scotty_pierce/wdi/projects/veteran_nexus/spec/models/categorization_spec.rb": [
        null,
        1,
        null,
        1,
        2,
        2,
        1,
        1,
        null,
        1,
        1,
        null,
        null
      ],
      "/Users/scotty_pierce/wdi/projects/veteran_nexus/app/models/categorization.rb": [
        1,
        1,
        1,
        null
      ],
      "/Users/scotty_pierce/wdi/projects/veteran_nexus/app/models/application_record.rb": [
        1,
        1,
        null
      ],
      "/Users/scotty_pierce/wdi/projects/veteran_nexus/spec/models/category_spec.rb": [
        1,
        null,
        1,
        1,
        1,
        null,
        1,
        1,
        null,
        null
      ],
      "/Users/scotty_pierce/wdi/projects/veteran_nexus/app/models/category.rb": [
        1,
        1,
        1,
        1,
        null
      ],
      "/Users/scotty_pierce/wdi/projects/veteran_nexus/spec/models/comment_spec.rb": [
        1,
        null,
        1,
        2,
        2,
        1,
        1,
        null,
        1,
        1,
        null,
        1,
        1,
        null,
        null
      ],
      "/Users/scotty_pierce/wdi/projects/veteran_nexus/app/models/comment.rb": [
        1,
        1,
        1,
        1,
        null
      ],
      "/Users/scotty_pierce/wdi/projects/veteran_nexus/spec/models/organization_spec.rb": [
        1,
        null,
        1,
        1,
        1,
        null,
        1,
        1,
        null,
        null
      ],
      "/Users/scotty_pierce/wdi/projects/veteran_nexus/app/models/organization.rb": [
        1,
        1,
        1,
        1,
        1,
        null
      ],
      "/Users/scotty_pierce/wdi/projects/veteran_nexus/spec/requests/categories_spec.rb": [
        1,
        null,
        1,
        1,
        1,
        1,
        1,
        null,
        null,
        null
      ]
    },
    "timestamp": 1500667384
  }
}
